<?xml version="1.0" encoding="UTF-8"?>
<testng-results ignored="0" total="11" passed="10" failed="1" skipped="0">
  <reporter-output>
  </reporter-output>
  <suite started-at="2020-09-01T10:34:03 EDT" name="Default suite" finished-at="2020-09-01T10:35:11 EDT" duration-ms="67106">
    <groups>
    </groups>
    <test started-at="2020-09-01T10:34:03 EDT" name="Default test" finished-at="2020-09-01T10:35:11 EDT" duration-ms="67106">
      <class name="doc_repository_automation.Scvp_Test_Scenarios">
        <test-method is-config="true" signature="connect_driver_class()[pri:0, instance:doc_repository_automation.Scvp_Test_Scenarios@3c153a1]" started-at="2020-09-01T10:34:03 EDT" name="connect_driver_class" finished-at="2020-09-01T10:34:15 EDT" duration-ms="11112" status="PASS">
          <reporter-output>
          </reporter-output>
        </test-method> <!-- connect_driver_class -->
        <test-method signature="user_login_scenario()[pri:0, instance:doc_repository_automation.Scvp_Test_Scenarios@3c153a1]" started-at="2020-09-01T10:34:15 EDT" name="user_login_scenario" finished-at="2020-09-01T10:34:15 EDT" duration-ms="523" status="PASS">
          <reporter-output>
          </reporter-output>
        </test-method> <!-- user_login_scenario -->
        <test-method signature="verify_Database()[pri:1, instance:doc_repository_automation.Scvp_Test_Scenarios@3c153a1]" started-at="2020-09-01T10:34:15 EDT" name="verify_Database" finished-at="2020-09-01T10:34:16 EDT" duration-ms="1080" status="PASS">
          <reporter-output>
          </reporter-output>
        </test-method> <!-- verify_Database -->
        <test-method signature="verify_ReceiverType()[pri:2, instance:doc_repository_automation.Scvp_Test_Scenarios@3c153a1]" started-at="2020-09-01T10:34:16 EDT" name="verify_ReceiverType" finished-at="2020-09-01T10:34:17 EDT" duration-ms="337" status="PASS">
          <reporter-output>
          </reporter-output>
        </test-method> <!-- verify_ReceiverType -->
        <test-method signature="verify_Status()[pri:3, instance:doc_repository_automation.Scvp_Test_Scenarios@3c153a1]" started-at="2020-09-01T10:34:17 EDT" name="verify_Status" finished-at="2020-09-01T10:34:17 EDT" duration-ms="239" status="PASS">
          <reporter-output>
          </reporter-output>
        </test-method> <!-- verify_Status -->
        <test-method signature="verify_Daterange()[pri:4, instance:doc_repository_automation.Scvp_Test_Scenarios@3c153a1]" started-at="2020-09-01T10:34:17 EDT" name="verify_Daterange" finished-at="2020-09-01T10:34:17 EDT" duration-ms="70" status="PASS">
          <reporter-output>
          </reporter-output>
        </test-method> <!-- verify_Daterange -->
        <test-method signature="verify_SelectType()[pri:5, instance:doc_repository_automation.Scvp_Test_Scenarios@3c153a1]" started-at="2020-09-01T10:34:17 EDT" name="verify_SelectType" finished-at="2020-09-01T10:34:17 EDT" duration-ms="307" status="PASS">
          <reporter-output>
          </reporter-output>
        </test-method> <!-- verify_SelectType -->
        <test-method signature="verify_SenderType()[pri:6, instance:doc_repository_automation.Scvp_Test_Scenarios@3c153a1]" started-at="2020-09-01T10:34:17 EDT" name="verify_SenderType" finished-at="2020-09-01T10:34:17 EDT" duration-ms="240" status="PASS">
          <reporter-output>
          </reporter-output>
        </test-method> <!-- verify_SenderType -->
        <test-method signature="verify_Documenttype()[pri:7, instance:doc_repository_automation.Scvp_Test_Scenarios@3c153a1]" started-at="2020-09-01T10:34:17 EDT" name="verify_Documenttype" finished-at="2020-09-01T10:34:18 EDT" duration-ms="245" status="PASS">
          <reporter-output>
          </reporter-output>
        </test-method> <!-- verify_Documenttype -->
        <test-method signature="verify_AckStatus()[pri:8, instance:doc_repository_automation.Scvp_Test_Scenarios@3c153a1]" started-at="2020-09-01T10:34:18 EDT" name="verify_AckStatus" finished-at="2020-09-01T10:34:18 EDT" duration-ms="287" status="PASS">
          <reporter-output>
          </reporter-output>
        </test-method> <!-- verify_AckStatus -->
        <test-method signature="searchByDocumentType()[pri:9, instance:doc_repository_automation.Scvp_Test_Scenarios@3c153a1]" started-at="2020-09-01T10:34:18 EDT" name="searchByDocumentType" finished-at="2020-09-01T10:35:08 EDT" duration-ms="50105" status="FAIL">
          <exception class="org.openqa.selenium.NoSuchElementException">
            <message>
              <![CDATA[no such element: Unable to locate element: {"method":"xpath","selector":"//div/label[text()="Document Type"]/following::label[text()="Select"][1]"}
  (Session info: chrome=85.0.4183.83)
For documentation on this error, please visit: https://www.seleniumhq.org/exceptions/no_such_element.html
Build info: version: '3.141.59', revision: 'e82be7d358', time: '2018-11-14T08:17:03'
System info: host: 'Users-Air.attlocal.net', ip: '2600:1702:900:3ce0:0:0:0:3c%en0', os.name: 'Mac OS X', os.arch: 'x86_64', os.version: '10.15.1', java.version: '14.0.1'
Driver info: org.openqa.selenium.chrome.ChromeDriver
Capabilities {acceptInsecureCerts: false, browserName: chrome, browserVersion: 85.0.4183.83, chrome: {chromedriverVersion: 85.0.4183.83 (94abc2237ae0c..., userDataDir: /var/folders/9r/qz7d_gqd7wj...}, goog:chromeOptions: {debuggerAddress: localhost:60359}, javascriptEnabled: true, networkConnectionEnabled: false, pageLoadStrategy: normal, platform: MAC, platformName: MAC, proxy: Proxy(), setWindowRect: true, strictFileInteractability: false, timeouts: {implicit: 0, pageLoad: 300000, script: 30000}, unhandledPromptBehavior: dismiss and notify, webauthn:virtualAuthenticators: true}
Session ID: 39532e2ad2cfe33fe093abcb70e0d4da
*** Element info: {Using=xpath, value=//div/label[text()="Document Type"]/following::label[text()="Select"][1]}]]>
            </message>
            <full-stacktrace>
              <![CDATA[org.openqa.selenium.NoSuchElementException: no such element: Unable to locate element: {"method":"xpath","selector":"//div/label[text()="Document Type"]/following::label[text()="Select"][1]"}
  (Session info: chrome=85.0.4183.83)
For documentation on this error, please visit: https://www.seleniumhq.org/exceptions/no_such_element.html
Build info: version: '3.141.59', revision: 'e82be7d358', time: '2018-11-14T08:17:03'
System info: host: 'Users-Air.attlocal.net', ip: '2600:1702:900:3ce0:0:0:0:3c%en0', os.name: 'Mac OS X', os.arch: 'x86_64', os.version: '10.15.1', java.version: '14.0.1'
Driver info: org.openqa.selenium.chrome.ChromeDriver
Capabilities {acceptInsecureCerts: false, browserName: chrome, browserVersion: 85.0.4183.83, chrome: {chromedriverVersion: 85.0.4183.83 (94abc2237ae0c..., userDataDir: /var/folders/9r/qz7d_gqd7wj...}, goog:chromeOptions: {debuggerAddress: localhost:60359}, javascriptEnabled: true, networkConnectionEnabled: false, pageLoadStrategy: normal, platform: MAC, platformName: MAC, proxy: Proxy(), setWindowRect: true, strictFileInteractability: false, timeouts: {implicit: 0, pageLoad: 300000, script: 30000}, unhandledPromptBehavior: dismiss and notify, webauthn:virtualAuthenticators: true}
Session ID: 39532e2ad2cfe33fe093abcb70e0d4da
*** Element info: {Using=xpath, value=//div/label[text()="Document Type"]/following::label[text()="Select"][1]}
at java.base/jdk.internal.reflect.NativeConstructorAccessorImpl.newInstance0(Native Method)
at java.base/jdk.internal.reflect.NativeConstructorAccessorImpl.newInstance(NativeConstructorAccessorImpl.java:62)
at java.base/jdk.internal.reflect.DelegatingConstructorAccessorImpl.newInstance(DelegatingConstructorAccessorImpl.java:45)
at java.base/java.lang.reflect.Constructor.newInstanceWithCaller(Constructor.java:500)
at java.base/java.lang.reflect.Constructor.newInstance(Constructor.java:481)
at org.openqa.selenium.remote.http.W3CHttpResponseCodec.createException(W3CHttpResponseCodec.java:187)
at org.openqa.selenium.remote.http.W3CHttpResponseCodec.decode(W3CHttpResponseCodec.java:122)
at org.openqa.selenium.remote.http.W3CHttpResponseCodec.decode(W3CHttpResponseCodec.java:49)
at org.openqa.selenium.remote.HttpCommandExecutor.execute(HttpCommandExecutor.java:158)
at org.openqa.selenium.remote.service.DriverCommandExecutor.execute(DriverCommandExecutor.java:83)
at org.openqa.selenium.remote.RemoteWebDriver.execute(RemoteWebDriver.java:552)
at org.openqa.selenium.remote.RemoteWebDriver.findElement(RemoteWebDriver.java:323)
at org.openqa.selenium.remote.RemoteWebDriver.findElementByXPath(RemoteWebDriver.java:428)
at org.openqa.selenium.By$ByXPath.findElement(By.java:353)
at org.openqa.selenium.remote.RemoteWebDriver.findElement(RemoteWebDriver.java:315)
at doc_repository_automation.Scvp_POM_Functions.click_button_by_xpath(Scvp_POM_Functions.java:70)
at doc_repository_automation.Scvp_Modular_Framework_Functions.verify_documentType(Scvp_Modular_Framework_Functions.java:75)
at doc_repository_automation.Scvp_Modular_Framework_Functions.searchBy_documentType(Scvp_Modular_Framework_Functions.java:81)
at doc_repository_automation.Scvp_Test_Scenarios.searchByDocumentType(Scvp_Test_Scenarios.java:66)
at java.base/jdk.internal.reflect.NativeMethodAccessorImpl.invoke0(Native Method)
at java.base/jdk.internal.reflect.NativeMethodAccessorImpl.invoke(NativeMethodAccessorImpl.java:62)
at java.base/jdk.internal.reflect.DelegatingMethodAccessorImpl.invoke(DelegatingMethodAccessorImpl.java:43)
at java.base/java.lang.reflect.Method.invoke(Method.java:564)
at org.testng.internal.MethodInvocationHelper.invokeMethod(MethodInvocationHelper.java:134)
at org.testng.internal.TestInvoker.invokeMethod(TestInvoker.java:597)
at org.testng.internal.TestInvoker.invokeTestMethod(TestInvoker.java:173)
at org.testng.internal.MethodRunner.runInSequence(MethodRunner.java:46)
at org.testng.internal.TestInvoker$MethodInvocationAgent.invoke(TestInvoker.java:816)
at org.testng.internal.TestInvoker.invokeTestMethods(TestInvoker.java:146)
at org.testng.internal.TestMethodWorker.invokeTestMethods(TestMethodWorker.java:146)
at org.testng.internal.TestMethodWorker.run(TestMethodWorker.java:128)
at java.base/java.util.ArrayList.forEach(ArrayList.java:1510)
at org.testng.TestRunner.privateRun(TestRunner.java:766)
at org.testng.TestRunner.run(TestRunner.java:587)
at org.testng.SuiteRunner.runTest(SuiteRunner.java:384)
at org.testng.SuiteRunner.runSequentially(SuiteRunner.java:378)
at org.testng.SuiteRunner.privateRun(SuiteRunner.java:337)
at org.testng.SuiteRunner.run(SuiteRunner.java:286)
at org.testng.SuiteRunnerWorker.runSuite(SuiteRunnerWorker.java:53)
at org.testng.SuiteRunnerWorker.run(SuiteRunnerWorker.java:96)
at org.testng.TestNG.runSuitesSequentially(TestNG.java:1187)
at org.testng.TestNG.runSuitesLocally(TestNG.java:1109)
at org.testng.TestNG.runSuites(TestNG.java:1039)
at org.testng.TestNG.run(TestNG.java:1007)
at org.testng.remote.AbstractRemoteTestNG.run(AbstractRemoteTestNG.java:115)
at org.testng.remote.RemoteTestNG.initAndRun(RemoteTestNG.java:251)
at org.testng.remote.RemoteTestNG.main(RemoteTestNG.java:77)
]]>
            </full-stacktrace>
          </exception> <!-- org.openqa.selenium.NoSuchElementException -->
          <reporter-output>
          </reporter-output>
        </test-method> <!-- searchByDocumentType -->
        <test-method signature="user_sign_out()[pri:10, instance:doc_repository_automation.Scvp_Test_Scenarios@3c153a1]" started-at="2020-09-01T10:35:08 EDT" name="user_sign_out" finished-at="2020-09-01T10:35:10 EDT" duration-ms="2441" status="PASS">
          <reporter-output>
          </reporter-output>
        </test-method> <!-- user_sign_out -->
      </class> <!-- doc_repository_automation.Scvp_Test_Scenarios -->
    </test> <!-- Default test -->
  </suite> <!-- Default suite -->
</testng-results>
